
Status: FAILED!
Check: 1
Test: Program outputs '36.0 cubic units' when user inputs 3, 6, and 2
Reason: Unable to find '['36.0 cubic units']' in the program's output.
input depthinput widthinput height36.0  cubic units
.
Error : AssertionError - Unable to find 36.0 cubic units in the program's output.
Timestamp: 2025-01-08 01:40:43.927262

Status: FAILED!
Check: 2
Test: Program outputs '2.0 cubic units' when user inputs 2, 2, and 0.5
Reason: Unable to find '['2.0 cubic units']' in the program's output.
input depthinput widthinput height2.0  cubic units
.
Error : AssertionError - Unable to find 2.0 cubic units in the program's output.
Timestamp: 2025-01-08 01:40:43.949664

Status: FAILED!
Check: 3
Test: Program outputs '4080.0 cubic units' when user inputs 17, 400, 0.6
Reason: Unable to find '['4080.0 cubic units']' in the program's output.
input depthinput widthinput height4080.0  cubic units
.
Error : AssertionError - Unable to find 4080.0 cubic units in the program's output.
Timestamp: 2025-01-08 01:40:43.979582
